<?xml version="1.0" encoding="UTF-8"?>
<!-- Generated by org.testng.reporters.JUnitReportReporter -->
<testsuite hostname="ZERO_BOOK_13" failures="0" tests="4" name="Test.PriorotyTestNG" time="0.005" errors="0" timestamp="2025-01-02T16:57:39 IST" skipped="0">
  <testcase classname="Test.PriorotyTestNG" name="a" time="0.001"/>
  <system-out/>
  <testcase classname="Test.PriorotyTestNG" name="b" time="0.001"/>
  <system-out/>
  <testcase classname="Test.PriorotyTestNG" name="d" time="0.002"/>
  <system-out/>
  <testcase classname="Test.PriorotyTestNG" name="c" time="0.001"/>
  <system-out/>
</testsuite> <!-- Test.PriorotyTestNG -->
