<?xml version="1.0" encoding="UTF-8"?>
<!-- Generated by org.testng.reporters.JUnitReportReporter -->
<testsuite hostname="ZERO_BOOK_13" failures="0" tests="2" name="Test.DataProviderTestNG" time="8.994" errors="0" timestamp="2025-01-03T11:09:13 IST" skipped="0">
  <testcase classname="Test.DataProviderTestNG" name="enterdata" time="4.457"/>
  <system-out/>
  <testcase classname="Test.DataProviderTestNG" name="enterdata" time="4.537"/>
  <system-out/>
</testsuite> <!-- Test.DataProviderTestNG -->
