<?xml version="1.0" encoding="UTF-8"?>
<!-- Generated by org.testng.reporters.JUnitReportReporter -->
<testsuite hostname="ZERO_BOOK_13" failures="0" tests="2" name="Test.SkippingTestNG" time="0.016" errors="0" timestamp="2025-01-02T16:57:39 IST" skipped="2">
  <testcase classname="Test.SkippingTestNG" name="c" time="0.016">
    <skipped/>
  </testcase> <!-- c -->
  <system-out/>
  <testcase classname="Test.SkippingTestNG" name="b">
    <skipped/>
  </testcase> <!-- b -->
  <system-out/>
</testsuite> <!-- Test.SkippingTestNG -->
