<?xml version="1.0" encoding="UTF-8"?>
<!-- Generated by org.testng.reporters.JUnitReportReporter -->
<testsuite hostname="ZERO_BOOK_13" failures="0" tests="1" name="Test.TestNG" time="0.002" errors="0" timestamp="2025-01-02T16:57:39 IST" skipped="0">
  <testcase classname="Test.TestNG" name="a" time="0.002"/>
  <system-out/>
</testsuite> <!-- Test.TestNG -->
